<?xml version="1.0" encoding="UTF-8"?>
<!-- Generated by org.testng.reporters.JUnitXMLReporter -->
<testsuite ignored="0" hostname="LAPTOP-K26P8KNR" failures="0" tests="2" name="Test-Runner-FireFox" time="24.317" errors="0" timestamp="2025-03-20T11:25:45 IST">
  <testcase classname="productTest.AddProductToCartTest" name="sampleTest" time="0.002"/>
  <testcase classname="productTest.AddProductToCartTest" name="tc_001AddProductToCart" time="0.687"/>
</testsuite> <!-- Test-Runner-FireFox -->
