<?xml version="1.0" encoding="UTF-8"?>
<!-- Generated by org.testng.reporters.JUnitXMLReporter -->
<testsuite ignored="0" hostname="LAPTOP-K26P8KNR" failures="0" tests="1" name="Test-Runner2" time="8.839" errors="0" timestamp="2025-03-19T12:55:32 IST">
  <testcase classname="productTest.SortProductLowToHighTest" name="tc_002_Sorting_PRoductPrice" time="1.413"/>
</testsuite> <!-- Test-Runner2 -->
