<?xml version="1.0" encoding="UTF-8"?>
<!-- Generated by org.testng.reporters.JUnitXMLReporter -->
<testsuite ignored="0" hostname="LAPTOP-K26P8KNR" failures="0" tests="2" name="Test-Runner-edge" time="20.229" errors="0" timestamp="2025-03-20T11:25:41 IST">
  <testcase classname="productTest.AddProductToCartTest" name="sampleTest" time="0.002"/>
  <testcase classname="productTest.AddProductToCartTest" name="tc_001AddProductToCart" time="0.686"/>
</testsuite> <!-- Test-Runner-edge -->
