<?xml version="1.0" encoding="UTF-8"?>
<!-- Generated by org.testng.reporters.JUnitReportReporter -->
<testsuite hostname="LAPTOP-K26P8KNR" failures="0" tests="1" name="productTest.SortProductLowToHighTest" time="1.187" errors="0" timestamp="2025-03-21T12:57:14 IST" skipped="0">
  <testcase classname="productTest.SortProductLowToHighTest" name="tc_002_Sorting_PRoductPrice" time="1.187"/>
  <system-out/>
</testsuite> <!-- productTest.SortProductLowToHighTest -->
