<?xml version="1.0" encoding="UTF-8"?>
<!-- Generated by org.testng.reporters.JUnitReportReporter -->
<testsuite hostname="LAPTOP-K26P8KNR" failures="0" tests="1" name="Practice.Remove_Product" time="3.926" errors="0" timestamp="2025-03-11T13:49:16 IST" skipped="0">
  <testcase classname="Practice.Remove_Product" name="remove" time="3.926"/>
  <system-out/>
</testsuite> <!-- Practice.Remove_Product -->
